[2017-04-15 09:58:53] (EE) First point in the vector should be a start vertex. Point type: 2
Monotone polygons input data:
 - 70.2869186 -16.7265301
 - -67.2869339 -16.7265186
 - -67.2869339 -16.8204861
 - 70.2869186 -16.8204975
 - Hole:
 - 1.12582099 4.62417889
 - -0.225821018 4.62417889
 - -0.225821018 5.9758215
 - 1.12582099 5.9758215
 - Hole:
 - 2.61617994 -1.71957302
 - -2.61617994 -1.71957302
 - -2.61617994 1.71957302
 - -2.6161797 1.71957302
 - -2.6161797 3.36731601
 - 2.6161797 3.36731601
 - 2.6161797 1.71957302
 - 2.61617994 1.71957302
 - 2.61617994 1.11912012
 - 3.54714537 1.11912012
 - 3.54714537 -0.313400418
 - 2.61617994 -0.313400418

[2017-04-15 15:54:03] (WW) Maximum of iteration reached on polygons union algorithm.
 - Polygon 1: 
Name:cube1
Points (CW):
-1.52582097 5.9758215
-0.174179018 5.9758215
-0.174179018 4.62417889
-1.52582097 4.62417889

 - Polygon 2: 
Name:cube2
Points (CW):
-0.225821018 5.9758215
1.12582099 5.9758215
1.12582099 4.62417889
-0.225821018 4.62417889


[2017-04-16 08:35:23] (EE) Debug polygons union.
 - Polygon 1: 
Name:table
Points (CW):
-2.61617994, 1.71957302
2.61617994, 1.71957302
2.61617994, -1.71957302
-2.61617994, -1.71957302

 - Polygon 2: 
Name:bench
Points (CW):
-2.6161797, 3.36731601
2.6161797, 3.36731601
2.6161797, 1.63268399
-2.6161797, 1.63268399

